<?xml version="1.0" encoding="UTF-8"?>
<testsuite xmlns:xsi="http://www.w3.org/2001/XMLSchema-instance" xsi:noNamespaceSchemaLocation="https://maven.apache.org/surefire/maven-surefire-plugin/xsd/surefire-test-report.xsd" version="3.0.2" name="com.studymicroservices.inventory_service.InventoryServiceApplicationTests" time="4.86" tests="1" errors="0" skipped="0" failures="0">
  <properties>
[...]
</properties>
  <testcase name="contextLoads" classname="com.studymicroservices.inventory_service.InventoryServiceApplicationTests" time="0.366">
    <system-out><![CDATA[17:00:26.417 [main] INFO org.springframework.test.context.support.AnnotationConfigContextLoaderUtils -- Could not detect default configuration classes for test class [com.studymicroservices.inventory_service.InventoryServiceApplicationTests]: InventoryServiceApplicationTests does not declare any static, non-private, non-final, nested classes annotated with @Configuration.
17:00:26.523 [main] INFO org.springframework.boot.test.context.SpringBootTestContextBootstrapper -- Found @SpringBootConfiguration com.studymicroservices.inventory_service.InventoryServiceApplication for test class com.studymicroservices.inventory_service.InventoryServiceApplicationTests

  .   ____          _            __ _ _
 /\\ / ___'_ __ _ _(_)_ __  __ _ \ \ \ \
( ( )\___ | '_ | '_| | '_ \/ _` | \ \ \ \
 \\/  ___)| |_)| | | | | || (_| |  ) ) ) )
  '  |____| .__|_| |_|_| |_\__, | / / / /
 =========|_|==============|___/=/_/_/_/

 :: Spring Boot ::                (v3.4.3)

2025-03-19T17:00:26.932+02:00  INFO 9496 --- [inventory-service ] [           main] c.s.i.InventoryServiceApplicationTests   : Starting InventoryServiceApplicationTests using Java 17.0.6 with PID 9496 (started by eSmartSoft in E:\material\study spring\Microservices-Ecommerce\inventory-service)
2025-03-19T17:00:26.934+02:00  INFO 9496 --- [inventory-service ] [           main] c.s.i.InventoryServiceApplicationTests   : No active profile set, falling back to 1 default profile: "default"
2025-03-19T17:00:27.496+02:00  INFO 9496 --- [inventory-service ] [           main] .s.d.r.c.RepositoryConfigurationDelegate : Bootstrapping Spring Data JPA repositories in DEFAULT mode.
2025-03-19T17:00:27.549+02:00  INFO 9496 --- [inventory-service ] [           main] .s.d.r.c.RepositoryConfigurationDelegate : Finished Spring Data repository scanning in 43 ms. Found 1 JPA repository interface.
2025-03-19T17:00:27.981+02:00  INFO 9496 --- [inventory-service ] [           main] o.hibernate.jpa.internal.util.LogHelper  : HHH000204: Processing PersistenceUnitInfo [name: default]
2025-03-19T17:00:28.046+02:00  INFO 9496 --- [inventory-service ] [           main] org.hibernate.Version                    : HHH000412: Hibernate ORM core version 6.6.8.Final
2025-03-19T17:00:28.091+02:00  INFO 9496 --- [inventory-service ] [           main] o.h.c.internal.RegionFactoryInitiator    : HHH000026: Second-level cache disabled
2025-03-19T17:00:28.437+02:00  INFO 9496 --- [inventory-service ] [           main] o.s.o.j.p.SpringPersistenceUnitInfo      : No LoadTimeWeaver setup: ignoring JPA class transformer
2025-03-19T17:00:28.478+02:00  INFO 9496 --- [inventory-service ] [           main] com.zaxxer.hikari.HikariDataSource       : HikariPool-1 - Starting...
2025-03-19T17:00:28.803+02:00  INFO 9496 --- [inventory-service ] [           main] com.zaxxer.hikari.pool.HikariPool        : HikariPool-1 - Added connection com.mysql.cj.jdbc.ConnectionImpl@46524ebe
2025-03-19T17:00:28.805+02:00  INFO 9496 --- [inventory-service ] [           main] com.zaxxer.hikari.HikariDataSource       : HikariPool-1 - Start completed.
2025-03-19T17:00:28.844+02:00  WARN 9496 --- [inventory-service ] [           main] org.hibernate.orm.deprecation            : HHH90000025: MySQL8Dialect does not need to be specified explicitly using 'hibernate.dialect' (remove the property setting and it will be selected by default)
2025-03-19T17:00:28.845+02:00  WARN 9496 --- [inventory-service ] [           main] org.hibernate.orm.deprecation            : HHH90000026: MySQL8Dialect has been deprecated; use org.hibernate.dialect.MySQLDialect instead
2025-03-19T17:00:28.860+02:00  INFO 9496 --- [inventory-service ] [           main] org.hibernate.orm.connections.pooling    : HHH10001005: Database info:
	Database JDBC URL [Connecting through datasource 'HikariDataSource (HikariPool-1)']
	Database driver: undefined/unknown
	Database version: 8.0
	Autocommit mode: undefined/unknown
	Isolation level: undefined/unknown
	Minimum pool size: undefined/unknown
	Maximum pool size: undefined/unknown
2025-03-19T17:00:29.490+02:00  INFO 9496 --- [inventory-service ] [           main] o.h.e.t.j.p.i.JtaPlatformInitiator       : HHH000489: No JTA platform available (set 'hibernate.transaction.jta.platform' to enable JTA platform integration)
2025-03-19T17:00:29.528+02:00  INFO 9496 --- [inventory-service ] [           main] j.LocalContainerEntityManagerFactoryBean : Initialized JPA EntityManagerFactory for persistence unit 'default'
2025-03-19T17:00:30.023+02:00  WARN 9496 --- [inventory-service ] [           main] JpaBaseConfiguration$JpaWebConfiguration : spring.jpa.open-in-view is enabled by default. Therefore, database queries may be performed during view rendering. Explicitly configure spring.jpa.open-in-view to disable this warning
2025-03-19T17:00:30.569+02:00  INFO 9496 --- [inventory-service ] [           main] c.s.i.InventoryServiceApplicationTests   : Started InventoryServiceApplicationTests in 3.89 seconds (process running for 4.755)
]]></system-out>
  </testcase>
</testsuite>